<?xml version="1.0" encoding="UTF-8"?>
<testsuite name="com.mediaviewer.ios.MediaRepositoryTest" tests="4" skipped="0" failures="0" errors="0" timestamp="2025-08-13T02:05:45" hostname="8ff66f5b7be3" time="2.608">
  <properties/>
  <testcase name="getImages should return only image media items" classname="com.mediaviewer.ios.MediaRepositoryTest" time="2.467"/>
  <testcase name="getAllMedia should return list of media items" classname="com.mediaviewer.ios.MediaRepositoryTest" time="0.062"/>
  <testcase name="getAlbums should return list of albums" classname="com.mediaviewer.ios.MediaRepositoryTest" time="0.037"/>
  <testcase name="getVideos should return only video media items" classname="com.mediaviewer.ios.MediaRepositoryTest" time="0.04"/>
  <system-out><![CDATA[]]></system-out>
  <system-err><![CDATA[]]></system-err>
</testsuite>
