<?xml version="1.0" encoding="UTF-8"?>
<testsuite name="com.mediaviewer.ios.GalleryViewModelTest" tests="3" skipped="0" failures="0" errors="0" timestamp="2025-08-13T02:05:39" hostname="8ff66f5b7be3" time="5.208">
  <properties/>
  <testcase name="initial state should be loading" classname="com.mediaviewer.ios.GalleryViewModelTest" time="4.999"/>
  <testcase name="selectTab should update selected tab" classname="com.mediaviewer.ios.GalleryViewModelTest" time="0.031"/>
  <testcase name="loadMedia should complete loading process" classname="com.mediaviewer.ios.GalleryViewModelTest" time="0.177"/>
  <system-out><![CDATA[WARNING: No manifest file found at ./AndroidManifest.xml.
Falling back to the Android OS resources only.
To remove this warning, annotate your test class with @Config(manifest=Config.NONE).
]]></system-out>
  <system-err><![CDATA[No such manifest file: ./AndroidManifest.xml
]]></system-err>
</testsuite>
